<?xml version="1.0" encoding="UTF-8"?>
<testsuite xmlns:xsi="http://www.w3.org/2001/XMLSchema-instance" xsi:noNamespaceSchemaLocation="https://maven.apache.org/surefire/maven-surefire-plugin/xsd/surefire-test-report.xsd" version="3.0.2" name="com.coruja.ocorrencias.OcorrenciasApplicationTests" time="4.448" tests="1" errors="0" skipped="0" failures="0" flakes="0">
  <properties>
[...]
</properties>
  <testcase name="contextLoads" classname="com.coruja.ocorrencias.OcorrenciasApplicationTests" time="0.515">
    <system-out><![CDATA[23:39:21.430 [main] INFO org.springframework.test.context.support.AnnotationConfigContextLoaderUtils -- Could not detect default configuration classes for test class [com.coruja.ocorrencias.OcorrenciasApplicationTests]: OcorrenciasApplicationTests does not declare any static, non-private, non-final, nested classes annotated with @Configuration.
23:39:21.517 [main] INFO org.springframework.boot.test.context.SpringBootTestContextBootstrapper -- Found @SpringBootConfiguration com.coruja.ocorrencias.OcorrenciasApplication for test class com.coruja.ocorrencias.OcorrenciasApplicationTests
23:39:21.632 [main] INFO org.springframework.boot.devtools.restart.RestartApplicationListener -- Restart disabled due to context in which it is running

  .   ____          _            __ _ _
 /\\ / ___'_ __ _ _(_)_ __  __ _ \ \ \ \
( ( )\___ | '_ | '_| | '_ \/ _` | \ \ \ \
 \\/  ___)| |_)| | | | | || (_| |  ) ) ) )
  '  |____| .__|_| |_|_| |_\__, | / / / /
 =========|_|==============|___/=/_/_/_/

 :: Spring Boot ::               (v3.5.14)

2026-06-10T23:39:21.901-03:00  INFO 8328 --- [ocorrencias] [           main] c.c.o.OcorrenciasApplicationTests        : Starting OcorrenciasApplicationTests using Java 26 with PID 8328 (started by eduar in C:\Users\eduar\Desktop\relatorioOcorrencias\ocorrencias\OcorrenciaBackEnd)
2026-06-10T23:39:21.902-03:00  INFO 8328 --- [ocorrencias] [           main] c.c.o.OcorrenciasApplicationTests        : No active profile set, falling back to 1 default profile: "default"
2026-06-10T23:39:22.679-03:00  INFO 8328 --- [ocorrencias] [           main] .s.d.r.c.RepositoryConfigurationDelegate : Bootstrapping Spring Data JPA repositories in DEFAULT mode.
2026-06-10T23:39:22.738-03:00  INFO 8328 --- [ocorrencias] [           main] .s.d.r.c.RepositoryConfigurationDelegate : Finished Spring Data repository scanning in 47 ms. Found 1 JPA repository interface.
2026-06-10T23:39:23.215-03:00  INFO 8328 --- [ocorrencias] [           main] o.hibernate.jpa.internal.util.LogHelper  : HHH000204: Processing PersistenceUnitInfo [name: default]
2026-06-10T23:39:23.270-03:00  INFO 8328 --- [ocorrencias] [           main] org.hibernate.Version                    : HHH000412: Hibernate ORM core version 6.6.49.Final
2026-06-10T23:39:23.297-03:00  INFO 8328 --- [ocorrencias] [           main] o.h.c.internal.RegionFactoryInitiator    : HHH000026: Second-level cache disabled
2026-06-10T23:39:23.559-03:00  INFO 8328 --- [ocorrencias] [           main] o.s.o.j.p.SpringPersistenceUnitInfo      : No LoadTimeWeaver setup: ignoring JPA class transformer
2026-06-10T23:39:23.590-03:00  INFO 8328 --- [ocorrencias] [           main] com.zaxxer.hikari.HikariDataSource       : HikariPool-1 - Starting...
2026-06-10T23:39:23.881-03:00  INFO 8328 --- [ocorrencias] [           main] com.zaxxer.hikari.pool.HikariPool        : HikariPool-1 - Added connection com.mysql.cj.jdbc.ConnectionImpl@43d3995f
2026-06-10T23:39:23.882-03:00  INFO 8328 --- [ocorrencias] [           main] com.zaxxer.hikari.HikariDataSource       : HikariPool-1 - Start completed.
2026-06-10T23:39:23.932-03:00  INFO 8328 --- [ocorrencias] [           main] org.hibernate.orm.connections.pooling    : HHH10001005: Database info:
	Database JDBC URL [Connecting through datasource 'HikariDataSource (HikariPool-1)']
	Database driver: undefined/unknown
	Database version: 8.0.46
	Autocommit mode: undefined/unknown
	Isolation level: undefined/unknown
	Minimum pool size: undefined/unknown
	Maximum pool size: undefined/unknown
2026-06-10T23:39:24.506-03:00  INFO 8328 --- [ocorrencias] [           main] o.h.e.t.j.p.i.JtaPlatformInitiator       : HHH000489: No JTA platform available (set 'hibernate.transaction.jta.platform' to enable JTA platform integration)
2026-06-10T23:39:24.572-03:00  INFO 8328 --- [ocorrencias] [           main] j.LocalContainerEntityManagerFactoryBean : Initialized JPA EntityManagerFactory for persistence unit 'default'
2026-06-10T23:39:24.891-03:00  WARN 8328 --- [ocorrencias] [           main] JpaBaseConfiguration$JpaWebConfiguration : spring.jpa.open-in-view is enabled by default. Therefore, database queries may be performed during view rendering. Explicitly configure spring.jpa.open-in-view to disable this warning
2026-06-10T23:39:25.225-03:00  INFO 8328 --- [ocorrencias] [           main] c.c.o.OcorrenciasApplicationTests        : Started OcorrenciasApplicationTests in 3.604 seconds (process running for 4.298)
]]></system-out>
    <system-err><![CDATA[Mockito is currently self-attaching to enable the inline-mock-maker. This will no longer work in future releases of the JDK. Please add Mockito as an agent to your build as described in Mockito's documentation: https://javadoc.io/doc/org.mockito/mockito-core/latest/org.mockito/org/mockito/Mockito.html#0.3
WARNING: A Java agent has been loaded dynamically (C:\Users\eduar\.m2\repository\net\bytebuddy\byte-buddy-agent\1.17.8\byte-buddy-agent-1.17.8.jar)
WARNING: If a serviceability tool is in use, please run with -XX:+EnableDynamicAgentLoading to hide this warning
WARNING: If a serviceability tool is not in use, please run with -Djdk.instrument.traceUsage for more information
WARNING: Dynamic loading of agents will be disallowed by default in a future release
]]></system-err>
  </testcase>
</testsuite>